<?xml version="1.0" encoding="UTF-8"?>
<testsuite xmlns:xsi="http://www.w3.org/2001/XMLSchema-instance" xsi:schemaLocation="https://maven.apache.org/surefire/maven-surefire-plugin/xsd/surefire-test-report.xsd" name="com.att.product.controller.ProductControllerTest" time="6.851" tests="8" errors="0" skipped="0" failures="0">
  <properties>
[...]
</properties>
  <testcase name="testGetProductByIdNotFound" classname="com.att.product.controller.ProductControllerTest" time="0.238"/>
  <testcase name="testCreateProduct" classname="com.att.product.controller.ProductControllerTest" time="0.174"/>
  <testcase name="testGetProductByIdFound" classname="com.att.product.controller.ProductControllerTest" time="0.007"/>
  <testcase name="testProductPutSuccess" classname="com.att.product.controller.ProductControllerTest" time="0.014"/>
  <testcase name="testProductPutVersionMismatch" classname="com.att.product.controller.ProductControllerTest" time="0.008"/>
  <testcase name="testProductPutNotFound" classname="com.att.product.controller.ProductControllerTest" time="0.009"/>
  <testcase name="testProductDeleteSuccess" classname="com.att.product.controller.ProductControllerTest" time="0.011"/>
  <testcase name="testGetAllProducts" classname="com.att.product.controller.ProductControllerTest" time="0.014"/>
</testsuite>