<?xml version="1.0" encoding="UTF-8"?>
<testsuite xmlns:xsi="http://www.w3.org/2001/XMLSchema-instance" xsi:schemaLocation="https://maven.apache.org/surefire/maven-surefire-plugin/xsd/surefire-test-report.xsd" name="com.att.product.repository.ProductRepositoryTest" time="1.055" tests="3" errors="0" skipped="0" failures="2">
  <properties>
[...]
</properties>
  <testcase name="testFindByIdSuccess" classname="com.att.product.repository.ProductRepositoryTest" time="0.165">
    <failure message="Product ID should be 1 ==&gt; expected: &lt;1&gt; but was: &lt;3&gt;" type="org.opentest4j.AssertionFailedError"><![CDATA[org.opentest4j.AssertionFailedError: Product ID should be 1 ==> expected: <1> but was: <3>
	at com.att.product.repository.ProductRepositoryTest.testFindByIdSuccess(ProductRepositoryTest.java:29)
]]></failure>
    <system-out><![CDATA[2022-04-21 01:00:33.862  INFO 11320 --- [           main] .b.t.c.SpringBootTestContextBootstrapper : Neither @ContextConfiguration nor @ContextHierarchy found for test class [com.att.product.repository.ProductRepositoryTest], using SpringBootContextLoader
2022-04-21 01:00:33.863  INFO 11320 --- [           main] o.s.t.c.support.AbstractContextLoader    : Could not detect default resource locations for test class [com.att.product.repository.ProductRepositoryTest]: no resource found for suffixes {-context.xml, Context.groovy}.
2022-04-21 01:00:33.863  INFO 11320 --- [           main] t.c.s.AnnotationConfigContextLoaderUtils : Could not detect default configuration classes for test class [com.att.product.repository.ProductRepositoryTest]: ProductRepositoryTest does not declare any static, non-private, non-final, nested classes annotated with @Configuration.
2022-04-21 01:00:33.880  INFO 11320 --- [           main] .b.t.c.SpringBootTestContextBootstrapper : Found @SpringBootConfiguration com.att.product.ProductApplication for test class com.att.product.repository.ProductRepositoryTest
2022-04-21 01:00:33.882  INFO 11320 --- [           main] .b.t.c.SpringBootTestContextBootstrapper : Loaded default TestExecutionListener class names from location [META-INF/spring.factories]: [org.springframework.test.context.web.ServletTestExecutionListener, org.springframework.test.context.support.DirtiesContextBeforeModesTestExecutionListener, org.springframework.test.context.support.DependencyInjectionTestExecutionListener, org.springframework.test.context.support.DirtiesContextTestExecutionListener, org.springframework.test.context.transaction.TransactionalTestExecutionListener, org.springframework.test.context.jdbc.SqlScriptsTestExecutionListener, org.springframework.boot.test.mock.mockito.MockitoTestExecutionListener, org.springframework.boot.test.mock.mockito.ResetMocksTestExecutionListener, org.springframework.boot.test.autoconfigure.restdocs.RestDocsTestExecutionListener, org.springframework.boot.test.autoconfigure.web.client.MockRestServiceServerResetTestExecutionListener, org.springframework.boot.test.autoconfigure.web.servlet.MockMvcPrintOnlyOnFailureTestExecutionListener, org.springframework.boot.test.autoconfigure.web.servlet.WebDriverTestExecutionListener]
2022-04-21 01:00:33.883  INFO 11320 --- [           main] .b.t.c.SpringBootTestContextBootstrapper : Using TestExecutionListeners: [org.springframework.test.context.web.ServletTestExecutionListener@63b4b582, org.springframework.test.context.support.DirtiesContextBeforeModesTestExecutionListener@69c21701, org.springframework.boot.test.mock.mockito.MockitoTestExecutionListener@76abaec, org.springframework.boot.test.autoconfigure.SpringBootDependencyInjectionTestExecutionListener@5dca6386, org.springframework.test.context.support.DirtiesContextTestExecutionListener@1b14d518, org.springframework.test.context.transaction.TransactionalTestExecutionListener@6297a364, org.springframework.test.context.jdbc.SqlScriptsTestExecutionListener@3078c800, org.springframework.boot.test.mock.mockito.ResetMocksTestExecutionListener@3ea04bda, org.springframework.boot.test.autoconfigure.restdocs.RestDocsTestExecutionListener@321e503, org.springframework.boot.test.autoconfigure.web.client.MockRestServiceServerResetTestExecutionListener@5c72ea80, org.springframework.boot.test.autoconfigure.web.servlet.MockMvcPrintOnlyOnFailureTestExecutionListener@2abc01c6, org.springframework.boot.test.autoconfigure.web.servlet.WebDriverTestExecutionListener@167e61d0]

  .   ____          _            __ _ _
 /\\ / ___'_ __ _ _(_)_ __  __ _ \ \ \ \
( ( )\___ | '_ | '_| | '_ \/ _` | \ \ \ \
 \\/  ___)| |_)| | | | | || (_| |  ) ) ) )
  '  |____| .__|_| |_|_| |_\__, | / / / /
 =========|_|==============|___/=/_/_/_/
 :: Spring Boot ::        (v2.0.3.RELEASE)

2022-04-21 01:00:33.925  INFO 11320 --- [           main] c.a.p.repository.ProductRepositoryTest   : Starting ProductRepositoryTest on Suhas with PID 11320 (started by adm in E:\ATT\product)
2022-04-21 01:00:33.926  INFO 11320 --- [           main] c.a.p.repository.ProductRepositoryTest   : The following profiles are active: test
2022-04-21 01:00:33.928  INFO 11320 --- [           main] o.s.w.c.s.GenericWebApplicationContext   : Refreshing org.springframework.web.context.support.GenericWebApplicationContext@69e9a86b: startup date [Thu Apr 21 01:00:33 CEST 2022]; root of context hierarchy
2022-04-21 01:00:34.242  INFO 11320 --- [           main] com.zaxxer.hikari.HikariDataSource       : HikariPool-2 - Starting...
2022-04-21 01:00:34.250  INFO 11320 --- [           main] com.zaxxer.hikari.HikariDataSource       : HikariPool-2 - Start completed.
2022-04-21 01:00:34.432  INFO 11320 --- [           main] o.s.w.s.handler.SimpleUrlHandlerMapping  : Mapped URL path [/**/favicon.ico] onto handler of type [class org.springframework.web.servlet.resource.ResourceHttpRequestHandler]
2022-04-21 01:00:34.512  INFO 11320 --- [           main] s.w.s.m.m.a.RequestMappingHandlerAdapter : Looking for @ControllerAdvice: org.springframework.web.context.support.GenericWebApplicationContext@69e9a86b: startup date [Thu Apr 21 01:00:33 CEST 2022]; root of context hierarchy
2022-04-21 01:00:34.531  INFO 11320 --- [           main] s.w.s.m.m.a.RequestMappingHandlerMapping : Mapped "{[/product/{id}],methods=[GET]}" onto public org.springframework.http.ResponseEntity<com.att.product.model.Product> com.att.product.controller.ProductController.getProduct(java.lang.Integer)
2022-04-21 01:00:34.532  INFO 11320 --- [           main] s.w.s.m.m.a.RequestMappingHandlerMapping : Mapped "{[/product],methods=[POST]}" onto public org.springframework.http.ResponseEntity<com.att.product.model.Product> com.att.product.controller.ProductController.createProduct(com.att.product.model.Product)
2022-04-21 01:00:34.532  INFO 11320 --- [           main] s.w.s.m.m.a.RequestMappingHandlerMapping : Mapped "{[/products],methods=[GET]}" onto public java.lang.Iterable<com.att.product.model.Product> com.att.product.controller.ProductController.getProducts()
2022-04-21 01:00:34.534  INFO 11320 --- [           main] s.w.s.m.m.a.RequestMappingHandlerMapping : Mapped "{[/error]}" onto public org.springframework.http.ResponseEntity<java.util.Map<java.lang.String, java.lang.Object>> org.springframework.boot.autoconfigure.web.servlet.error.BasicErrorController.error(javax.servlet.http.HttpServletRequest)
2022-04-21 01:00:34.534  INFO 11320 --- [           main] s.w.s.m.m.a.RequestMappingHandlerMapping : Mapped "{[/error],produces=[text/html]}" onto public org.springframework.web.servlet.ModelAndView org.springframework.boot.autoconfigure.web.servlet.error.BasicErrorController.errorHtml(javax.servlet.http.HttpServletRequest,javax.servlet.http.HttpServletResponse)
2022-04-21 01:00:34.548  INFO 11320 --- [           main] o.s.w.s.handler.SimpleUrlHandlerMapping  : Mapped URL path [/webjars/**] onto handler of type [class org.springframework.web.servlet.resource.ResourceHttpRequestHandler]
2022-04-21 01:00:34.548  INFO 11320 --- [           main] o.s.w.s.handler.SimpleUrlHandlerMapping  : Mapped URL path [/**] onto handler of type [class org.springframework.web.servlet.resource.ResourceHttpRequestHandler]
2022-04-21 01:00:34.732  INFO 11320 --- [           main] c.a.p.repository.ProductRepositoryTest   : Started ProductRepositoryTest in 0.842 seconds (JVM running for 9.518)
2022-04-21 01:00:34.879  INFO 11320 --- [           main] c.a.p.repository.ProductRepositoryImpl   : Inserting product into database, generated key is: 3
]]></system-out>
  </testcase>
  <testcase name="testFindAll" classname="com.att.product.repository.ProductRepositoryTest" time="0.012">
    <failure message="We should not have any products in our database ==&gt; expected: &lt;2&gt; but was: &lt;3&gt;" type="org.opentest4j.AssertionFailedError"><![CDATA[org.opentest4j.AssertionFailedError: We should not have any products in our database ==> expected: <2> but was: <3>
	at com.att.product.repository.ProductRepositoryTest.testFindAll(ProductRepositoryTest.java:38)
]]></failure>
  </testcase>
  <testcase name="testSave" classname="com.att.product.repository.ProductRepositoryTest" time="0.019"/>
</testsuite>